{"contracts/Raffle.sol":{"l":{"74":3,"75":3,"76":3,"77":3,"78":3,"79":3,"80":3,"82":3,"86":5,"87":4,"88":3,"91":3,"108":1,"109":1,"110":1,"111":1,"113":1,"118":1,"119":1,"120":0,"122":1,"123":1,"124":1,"125":1,"132":1,"136":0,"137":0,"138":0,"139":0,"140":0,"141":0,"142":0,"143":0,"145":0,"148":5,"151":1,"154":0,"157":1,"160":0,"163":0,"166":0,"169":0,"172":6},"path":"/Users/lukaszmierzejewski/hh-fcc/RaffleContract/contracts/Raffle.sol","s":{"1":5,"2":4,"3":3,"4":3,"5":1,"6":1,"7":1,"8":1,"9":1,"10":1,"11":1,"12":1,"13":0,"14":0,"15":0,"16":0,"17":0,"18":5,"19":1,"20":0,"21":1,"22":0,"23":0,"24":0,"25":0,"26":6},"b":{"1":[1,4],"2":[1,3],"3":[0,1],"4":[0,0]},"f":{"1":3,"2":5,"3":1,"4":1,"5":0,"6":5,"7":1,"8":0,"9":1,"10":0,"11":0,"12":0,"13":0,"14":6},"fnMap":{"1":{"name":"constructor","line":73,"loc":{"start":{"line":66,"column":4},"end":{"line":83,"column":4}}},"2":{"name":"enterRaffle","line":85,"loc":{"start":{"line":85,"column":4},"end":{"line":92,"column":4}}},"3":{"name":"checkUpkeep","line":101,"loc":{"start":{"line":101,"column":4},"end":{"line":115,"column":4}}},"4":{"name":"performUpkeep","line":117,"loc":{"start":{"line":117,"column":4},"end":{"line":133,"column":4}}},"5":{"name":"fulfillRandomWords","line":135,"loc":{"start":{"line":135,"column":4},"end":{"line":146,"column":4}}},"6":{"name":"getEntranceFee","line":147,"loc":{"start":{"line":147,"column":4},"end":{"line":149,"column":4}}},"7":{"name":"getPlayer","line":150,"loc":{"start":{"line":150,"column":4},"end":{"line":152,"column":4}}},"8":{"name":"getRecentWinner","line":153,"loc":{"start":{"line":153,"column":4},"end":{"line":155,"column":4}}},"9":{"name":"getRaffleState","line":156,"loc":{"start":{"line":156,"column":4},"end":{"line":158,"column":4}}},"10":{"name":"getNumWords","line":159,"loc":{"start":{"line":159,"column":4},"end":{"line":161,"column":4}}},"11":{"name":"getNumberOfPlayers","line":162,"loc":{"start":{"line":162,"column":4},"end":{"line":164,"column":4}}},"12":{"name":"getLastTimeStamp","line":165,"loc":{"start":{"line":165,"column":4},"end":{"line":167,"column":4}}},"13":{"name":"getRequestConfirmations","line":168,"loc":{"start":{"line":168,"column":4},"end":{"line":170,"column":4}}},"14":{"name":"getInterval","line":171,"loc":{"start":{"line":171,"column":4},"end":{"line":173,"column":4}}}},"statementMap":{"1":{"start":{"line":86,"column":8},"end":{"line":86,"column":75}},"2":{"start":{"line":87,"column":8},"end":{"line":87,"column":71}},"3":{"start":{"line":88,"column":8},"end":{"line":88,"column":42}},"4":{"start":{"line":91,"column":8},"end":{"line":91,"column":36}},"5":{"start":{"line":108,"column":8},"end":{"line":108,"column":57}},"6":{"start":{"line":109,"column":8},"end":{"line":109,"column":48}},"7":{"start":{"line":110,"column":8},"end":{"line":110,"column":53}},"8":{"start":{"line":111,"column":8},"end":{"line":111,"column":74}},"9":{"start":{"line":118,"column":8},"end":{"line":118,"column":49}},"10":{"start":{"line":119,"column":8},"end":{"line":119,"column":4149}},"11":{"start":{"line":125,"column":8},"end":{"line":125,"column":4426}},"12":{"start":{"line":132,"column":8},"end":{"line":132,"column":45}},"13":{"start":{"line":136,"column":8},"end":{"line":136,"column":65}},"14":{"start":{"line":137,"column":8},"end":{"line":137,"column":63}},"15":{"start":{"line":141,"column":8},"end":{"line":141,"column":77}},"16":{"start":{"line":142,"column":8},"end":{"line":142,"column":5137}},"17":{"start":{"line":145,"column":8},"end":{"line":145,"column":39}},"18":{"start":{"line":148,"column":8},"end":{"line":148,"column":28}},"19":{"start":{"line":151,"column":8},"end":{"line":151,"column":31}},"20":{"start":{"line":154,"column":8},"end":{"line":154,"column":29}},"21":{"start":{"line":157,"column":8},"end":{"line":157,"column":28}},"22":{"start":{"line":160,"column":8},"end":{"line":160,"column":27}},"23":{"start":{"line":163,"column":8},"end":{"line":163,"column":31}},"24":{"start":{"line":166,"column":8},"end":{"line":166,"column":30}},"25":{"start":{"line":169,"column":8},"end":{"line":169,"column":36}},"26":{"start":{"line":172,"column":8},"end":{"line":172,"column":25}}},"branchMap":{"1":{"line":86,"type":"if","locations":[{"start":{"line":86,"column":8},"end":{"line":86,"column":8}},{"start":{"line":86,"column":8},"end":{"line":86,"column":8}}]},"2":{"line":87,"type":"if","locations":[{"start":{"line":87,"column":8},"end":{"line":87,"column":8}},{"start":{"line":87,"column":8},"end":{"line":87,"column":8}}]},"3":{"line":119,"type":"if","locations":[{"start":{"line":119,"column":8},"end":{"line":119,"column":8}},{"start":{"line":119,"column":8},"end":{"line":119,"column":8}}]},"4":{"line":142,"type":"if","locations":[{"start":{"line":142,"column":8},"end":{"line":142,"column":8}},{"start":{"line":142,"column":8},"end":{"line":142,"column":8}}]}}},"contracts/test/VRFCoordinatorV2Mock.sol":{"l":{},"path":"/Users/lukaszmierzejewski/hh-fcc/RaffleContract/contracts/test/VRFCoordinatorV2Mock.sol","s":{},"b":{},"f":{},"fnMap":{},"statementMap":{},"branchMap":{}}}