TN:
SF:/Users/lukaszmierzejewski/hh-fcc/RaffleContract/contracts/Raffle.sol
FN:73,constructor
FN:85,enterRaffle
FN:101,checkUpkeep
FN:117,performUpkeep
FN:135,fulfillRandomWords
FN:147,getEntranceFee
FN:150,getPlayer
FN:153,getRecentWinner
FN:156,getRaffleState
FN:159,getNumWords
FN:162,getNumberOfPlayers
FN:165,getLastTimeStamp
FN:168,getRequestConfirmations
FN:171,getInterval
FNF:14
FNH:8
FNDA:3,constructor
FNDA:5,enterRaffle
FNDA:1,checkUpkeep
FNDA:1,performUpkeep
FNDA:0,fulfillRandomWords
FNDA:5,getEntranceFee
FNDA:1,getPlayer
FNDA:0,getRecentWinner
FNDA:1,getRaffleState
FNDA:0,getNumWords
FNDA:0,getNumberOfPlayers
FNDA:0,getLastTimeStamp
FNDA:0,getRequestConfirmations
FNDA:6,getInterval
DA:74,3
DA:75,3
DA:76,3
DA:77,3
DA:78,3
DA:79,3
DA:80,3
DA:82,3
DA:86,5
DA:87,4
DA:88,3
DA:91,3
DA:108,1
DA:109,1
DA:110,1
DA:111,1
DA:113,1
DA:118,1
DA:119,1
DA:120,0
DA:122,1
DA:123,1
DA:124,1
DA:125,1
DA:132,1
DA:136,0
DA:137,0
DA:138,0
DA:139,0
DA:140,0
DA:141,0
DA:142,0
DA:143,0
DA:145,0
DA:148,5
DA:151,1
DA:154,0
DA:157,1
DA:160,0
DA:163,0
DA:166,0
DA:169,0
DA:172,6
LF:43
LH:28
BRDA:86,1,0,1
BRDA:86,1,1,4
BRDA:87,2,0,1
BRDA:87,2,1,3
BRDA:119,3,0,0
BRDA:119,3,1,1
BRDA:142,4,0,0
BRDA:142,4,1,0
BRF:8
BRH:5
end_of_record
TN:
SF:/Users/lukaszmierzejewski/hh-fcc/RaffleContract/contracts/test/VRFCoordinatorV2Mock.sol
FNF:0
FNH:0
LF:0
LH:0
BRF:0
BRH:0
end_of_record
